[2023-04-28T14:34:02.157] [INFO] users - [Fri Apr 28 2023 14:34:02 GMT+0200 (hora de verano de Europa central)] - Mapping: /users/login - Método HTTP: GET -  
                  Parámetros ruta: {} Parámetros consulta: {}
[2023-04-28T14:35:45.166] [INFO] users - [Fri Apr 28 2023 14:35:45 GMT+0200 (hora de verano de Europa central)] - Mapping: /myWallapop - Método HTTP: GET -  
                  Parámetros ruta: {} Parámetros consulta: {}
[2023-04-28T14:38:04.228] [INFO] users - [Fri Apr 28 2023 14:38:04 GMT+0200 (hora de verano de Europa central)] - Mapping: /myWallapop - Método HTTP: GET -  
                  Parámetros ruta: {} Parámetros consulta: {}
[2023-04-28T14:38:46.783] [INFO] users - [Fri Apr 28 2023 14:38:46 GMT+0200 (hora de verano de Europa central)] - Mapping: /myWallapop - Método HTTP: GET -  
                  Parámetros ruta: {} Parámetros consulta: {}
[2023-04-28T14:39:33.108] [INFO] users - [Fri Apr 28 2023 14:39:33 GMT+0200 (hora de verano de Europa central)] - Mapping: /users/login - Método HTTP: GET -  
                  Parámetros ruta: {} Parámetros consulta: {}
[2023-04-28T14:39:36.244] [INFO] users - [Fri Apr 28 2023 14:39:36 GMT+0200 (hora de verano de Europa central)] - Mapping: /user/offers?message=Inicio%20de%20sesi%C3%B3n%20correcto&messageType=alert-info%20 - Método HTTP: GET -  
                  Parámetros ruta: {} Parámetros consulta: {"message":"Inicio de sesión correcto","messageType":"alert-info "}
[2023-04-28T14:40:38.389] [INFO] offers - [Fri Apr 28 2023 14:40:38 GMT+0200 (hora de verano de Europa central)] - Mapping: /offers - Método HTTP: GET -  
                  Parámetros ruta: {} Parámetros consulta: {}
[2023-04-28T14:41:27.660] [INFO] users - [Fri Apr 28 2023 14:41:27 GMT+0200 (hora de verano de Europa central)] - Mapping: /myWallapop - Método HTTP: GET -  
                  Parámetros ruta: {} Parámetros consulta: {}
[2023-04-28T15:04:02.992] [INFO] users - [Fri Apr 28 2023 15:04:02 GMT+0200 (hora de verano de Europa central)] - Mapping: /myWallapop - Método HTTP: GET -  
                  Parámetros ruta: {} Parámetros consulta: {}
[2023-04-28T15:04:07.299] [INFO] users - [Fri Apr 28 2023 15:04:07 GMT+0200 (hora de verano de Europa central)] - Mapping: /users/login - Método HTTP: GET -  
                  Parámetros ruta: {} Parámetros consulta: {}
[2023-04-28T15:04:10.539] [INFO] users - [Fri Apr 28 2023 15:04:10 GMT+0200 (hora de verano de Europa central)] - Mapping: /users/login - Método HTTP: POST -  
                  Parámetros ruta: {} Parámetros consulta: {}
[2023-04-28T15:04:10.554] [INFO] users - [Fri Apr 28 2023 15:04:10 GMT+0200 (hora de verano de Europa central)] - Mapping: /users/login?message=Email%20o%20password%20incorrecto&messageType=alert-danger%20 - Método HTTP: GET -  
                  Parámetros ruta: {} Parámetros consulta: {"message":"Email o password incorrecto","messageType":"alert-danger "}
[2023-04-28T15:04:15.544] [INFO] users - [Fri Apr 28 2023 15:04:15 GMT+0200 (hora de verano de Europa central)] - Mapping: /users/login - Método HTTP: POST -  
                  Parámetros ruta: {} Parámetros consulta: {}
[2023-04-28T15:04:15.553] [INFO] users - [Fri Apr 28 2023 15:04:15 GMT+0200 (hora de verano de Europa central)] - Mapping: /user/offers?message=Inicio%20de%20sesi%C3%B3n%20correcto&messageType=alert-info%20 - Método HTTP: GET -  
                  Parámetros ruta: {} Parámetros consulta: {"message":"Inicio de sesión correcto","messageType":"alert-info "}
[2023-04-28T15:04:37.420] [INFO] users - [Fri Apr 28 2023 15:04:37 GMT+0200 (hora de verano de Europa central)] - Mapping: /users/logout - Método HTTP: GET -  
                  Parámetros ruta: {} Parámetros consulta: {}
[2023-04-28T15:04:37.436] [INFO] users - [Fri Apr 28 2023 15:04:37 GMT+0200 (hora de verano de Europa central)] - Mapping: /users/login?message=El%20usuario%20se%20ha%20desconectado%20correctamente&messageType=alert-info%20 - Método HTTP: GET -  
                  Parámetros ruta: {} Parámetros consulta: {"message":"El usuario se ha desconectado correctamente","messageType":"alert-info "}
[2023-04-28T15:08:34.950] [INFO] users - [Fri Apr 28 2023 15:08:34 GMT+0200 (hora de verano de Europa central)] - Mapping: /users/login - Método HTTP: POST -  
                  Parámetros ruta: {} Parámetros consulta: {}
[2023-04-28T15:08:34.961] [INFO] users - [Fri Apr 28 2023 15:08:34 GMT+0200 (hora de verano de Europa central)] - Mapping: /user/offers?message=Inicio%20de%20sesi%C3%B3n%20correcto&messageType=alert-info%20 - Método HTTP: GET -  
                  Parámetros ruta: {} Parámetros consulta: {"message":"Inicio de sesión correcto","messageType":"alert-info "}
[2023-04-28T15:08:39.123] [INFO] offers - [Fri Apr 28 2023 15:08:39 GMT+0200 (hora de verano de Europa central)] - Mapping: /offers - Método HTTP: GET -  
                  Parámetros ruta: {} Parámetros consulta: {}
[2023-04-28T19:39:01.300] [INFO] users - [Fri Apr 28 2023 19:39:01 GMT+0200 (hora de verano de Europa central)] - Mapping: /myWallapop - Método HTTP: GET -  
                  Parámetros ruta: {} Parámetros consulta: {}
[2023-04-28T19:39:05.585] [INFO] users - [Fri Apr 28 2023 19:39:05 GMT+0200 (hora de verano de Europa central)] - Mapping: /users/login - Método HTTP: GET -  
                  Parámetros ruta: {} Parámetros consulta: {}
[2023-04-28T19:39:08.679] [INFO] users - [Fri Apr 28 2023 19:39:08 GMT+0200 (hora de verano de Europa central)] - Mapping: /users/login - Método HTTP: POST -  
                  Parámetros ruta: {} Parámetros consulta: {}
[2023-04-28T19:39:08.695] [INFO] admin - [Fri Apr 28 2023 19:39:08 GMT+0200 (hora de verano de Europa central)] - Mapping: /admin/users?message=Inicio%20de%20sesi%C3%B3n%20correcto%20(Administrador)&messageType=alert-info%20 - Método HTTP: GET -  
                  Parámetros ruta: {} Parámetros consulta: {"message":"Inicio de sesión correcto (Administrador)","messageType":"alert-info "}
[2023-04-28T19:39:16.024] [INFO] admin - [Fri Apr 28 2023 19:39:16 GMT+0200 (hora de verano de Europa central)] - Mapping: /admin/logs - Método HTTP: GET -  
                  Parámetros ruta: {} Parámetros consulta: {}
[2023-04-28T19:41:34.261] [INFO] users - [Fri Apr 28 2023 19:41:34 GMT+0200 (hora de verano de Europa central)] - Mapping: /users/login - Método HTTP: GET -  
                  Parámetros ruta: {} Parámetros consulta: {}
[2023-04-28T19:41:37.219] [INFO] users - [Fri Apr 28 2023 19:41:37 GMT+0200 (hora de verano de Europa central)] - Mapping: /users/login - Método HTTP: POST -  
                  Parámetros ruta: {} Parámetros consulta: {}
[2023-04-28T19:41:37.233] [INFO] admin - [Fri Apr 28 2023 19:41:37 GMT+0200 (hora de verano de Europa central)] - Mapping: /admin/users?message=Inicio%20de%20sesi%C3%B3n%20correcto%20(Administrador)&messageType=alert-info%20 - Método HTTP: GET -  
                  Parámetros ruta: {} Parámetros consulta: {"message":"Inicio de sesión correcto (Administrador)","messageType":"alert-info "}
[2023-04-28T19:41:49.571] [INFO] admin - [Fri Apr 28 2023 19:41:48 GMT+0200 (hora de verano de Europa central)] - Mapping: /admin/logs - Método HTTP: GET -  
                  Parámetros ruta: {} Parámetros consulta: {}
[2023-04-28T19:42:54.962] [INFO] users - [Fri Apr 28 2023 19:42:54 GMT+0200 (hora de verano de Europa central)] - Mapping: /users/login - Método HTTP: GET -  
                  Parámetros ruta: {} Parámetros consulta: {}
[2023-04-28T19:42:59.247] [INFO] users - [Fri Apr 28 2023 19:42:59 GMT+0200 (hora de verano de Europa central)] - Mapping: /users/login - Método HTTP: POST -  
                  Parámetros ruta: {} Parámetros consulta: {}
[2023-04-28T19:42:59.263] [INFO] admin - [Fri Apr 28 2023 19:42:59 GMT+0200 (hora de verano de Europa central)] - Mapping: /admin/users?message=Inicio%20de%20sesi%C3%B3n%20correcto%20(Administrador)&messageType=alert-info%20 - Método HTTP: GET -  
                  Parámetros ruta: {} Parámetros consulta: {"message":"Inicio de sesión correcto (Administrador)","messageType":"alert-info "}
[2023-04-28T19:43:04.096] [INFO] admin - [Fri Apr 28 2023 19:43:04 GMT+0200 (hora de verano de Europa central)] - Mapping: /admin/logs - Método HTTP: GET -  
                  Parámetros ruta: {} Parámetros consulta: {}
[2023-04-28T19:43:37.177] [INFO] admin - [Fri Apr 28 2023 19:43:37 GMT+0200 (hora de verano de Europa central)] - Mapping: /admin/logs?tipo=PET - Método HTTP: GET -  
                  Parámetros ruta: {} Parámetros consulta: {"tipo":"PET"}
[2023-04-28T19:43:42.812] [INFO] admin - [Fri Apr 28 2023 19:43:42 GMT+0200 (hora de verano de Europa central)] - Mapping: /admin/logs?tipo=LOGOUT - Método HTTP: GET -  
                  Parámetros ruta: {} Parámetros consulta: {"tipo":"LOGOUT"}
[2023-04-28T19:43:50.267] [INFO] admin - [Fri Apr 28 2023 19:43:50 GMT+0200 (hora de verano de Europa central)] - Mapping: /admin/logs?tipo=ALTA - Método HTTP: GET -  
                  Parámetros ruta: {} Parámetros consulta: {"tipo":"ALTA"}
[2023-04-28T19:43:53.334] [INFO] admin - [Fri Apr 28 2023 19:43:53 GMT+0200 (hora de verano de Europa central)] - Mapping: /admin/logs?tipo=LOGIN-ERR - Método HTTP: GET -  
                  Parámetros ruta: {} Parámetros consulta: {"tipo":"LOGIN-ERR"}
[2023-04-28T19:43:57.299] [INFO] admin - [Fri Apr 28 2023 19:43:57 GMT+0200 (hora de verano de Europa central)] - Mapping: /admin/logs?tipo=LOGIN-EX - Método HTTP: GET -  
                  Parámetros ruta: {} Parámetros consulta: {"tipo":"LOGIN-EX"}
[2023-04-28T19:46:44.377] [INFO] admin - [Fri Apr 28 2023 19:46:44 GMT+0200 (hora de verano de Europa central)] - Mapping: /admin/logs?tipo=LOGIN-ERR - Método HTTP: GET -  
                  Parámetros ruta: {} Parámetros consulta: {"tipo":"LOGIN-ERR"}
[2023-04-28T19:46:49.548] [INFO] admin - [Fri Apr 28 2023 19:46:49 GMT+0200 (hora de verano de Europa central)] - Mapping: /admin/logs?tipo=LOGIN-EX - Método HTTP: GET -  
                  Parámetros ruta: {} Parámetros consulta: {"tipo":"LOGIN-EX"}
[2023-04-28T19:46:55.827] [INFO] admin - [Fri Apr 28 2023 19:46:55 GMT+0200 (hora de verano de Europa central)] - Mapping: /admin/logs?tipo=LOGOUT - Método HTTP: GET -  
                  Parámetros ruta: {} Parámetros consulta: {"tipo":"LOGOUT"}
[2023-04-28T19:49:01.397] [INFO] users - [Fri Apr 28 2023 19:49:01 GMT+0200 (hora de verano de Europa central)] - Mapping: /users/login - Método HTTP: GET -  
                  Parámetros ruta: {} Parámetros consulta: {}
[2023-04-28T19:49:04.704] [INFO] users - [Fri Apr 28 2023 19:49:04 GMT+0200 (hora de verano de Europa central)] - Mapping: /users/login - Método HTTP: POST -  
                  Parámetros ruta: {} Parámetros consulta: {}
[2023-04-28T19:49:04.721] [INFO] admin - [Fri Apr 28 2023 19:49:04 GMT+0200 (hora de verano de Europa central)] - Mapping: /admin/users?message=Inicio%20de%20sesi%C3%B3n%20correcto%20(Administrador)&messageType=alert-info%20 - Método HTTP: GET -  
                  Parámetros ruta: {} Parámetros consulta: {"message":"Inicio de sesión correcto (Administrador)","messageType":"alert-info "}
[2023-04-28T19:49:12.955] [INFO] admin - [Fri Apr 28 2023 19:49:12 GMT+0200 (hora de verano de Europa central)] - Mapping: /admin/logs - Método HTTP: GET -  
                  Parámetros ruta: {} Parámetros consulta: {}
[2023-04-28T19:49:40.494] [INFO] admin - [Fri Apr 28 2023 19:49:40 GMT+0200 (hora de verano de Europa central)] - Mapping: /admin/logs - Método HTTP: GET -  
                  Parámetros ruta: {} Parámetros consulta: {}
[2023-04-28T19:50:07.937] [INFO] users - [Fri Apr 28 2023 19:50:07 GMT+0200 (hora de verano de Europa central)] - Mapping: /users/login - Método HTTP: GET -  
                  Parámetros ruta: {} Parámetros consulta: {}
[2023-04-28T19:50:10.720] [INFO] users - [Fri Apr 28 2023 19:50:10 GMT+0200 (hora de verano de Europa central)] - Mapping: /users/login - Método HTTP: POST -  
                  Parámetros ruta: {} Parámetros consulta: {}
[2023-04-28T19:50:10.731] [INFO] admin - [Fri Apr 28 2023 19:50:10 GMT+0200 (hora de verano de Europa central)] - Mapping: /admin/users?message=Inicio%20de%20sesi%C3%B3n%20correcto%20(Administrador)&messageType=alert-info%20 - Método HTTP: GET -  
                  Parámetros ruta: {} Parámetros consulta: {"message":"Inicio de sesión correcto (Administrador)","messageType":"alert-info "}
[2023-04-28T19:50:16.562] [INFO] admin - [Fri Apr 28 2023 19:50:16 GMT+0200 (hora de verano de Europa central)] - Mapping: /admin/logs - Método HTTP: GET -  
                  Parámetros ruta: {} Parámetros consulta: {}
[2023-04-28T19:50:44.834] [INFO] users - [Fri Apr 28 2023 19:50:44 GMT+0200 (hora de verano de Europa central)] - Mapping: /users/login - Método HTTP: GET -  
                  Parámetros ruta: {} Parámetros consulta: {}
[2023-04-28T19:50:48.598] [INFO] users - [Fri Apr 28 2023 19:50:48 GMT+0200 (hora de verano de Europa central)] - Mapping: /users/logout - Método HTTP: GET -  
                  Parámetros ruta: {} Parámetros consulta: {}
[2023-04-28T19:50:48.623] [INFO] users - [Fri Apr 28 2023 19:50:48 GMT+0200 (hora de verano de Europa central)] - Mapping: /users/login?message=El%20usuario%20se%20ha%20desconectado%20correctamente&messageType=alert-info%20 - Método HTTP: GET -  
                  Parámetros ruta: {} Parámetros consulta: {"message":"El usuario se ha desconectado correctamente","messageType":"alert-info "}
[2023-04-28T19:50:52.035] [INFO] users - [Fri Apr 28 2023 19:50:52 GMT+0200 (hora de verano de Europa central)] - Mapping: /users/login - Método HTTP: POST -  
                  Parámetros ruta: {} Parámetros consulta: {}
[2023-04-28T19:50:52.048] [INFO] admin - [Fri Apr 28 2023 19:50:52 GMT+0200 (hora de verano de Europa central)] - Mapping: /admin/users?message=Inicio%20de%20sesi%C3%B3n%20correcto%20(Administrador)&messageType=alert-info%20 - Método HTTP: GET -  
                  Parámetros ruta: {} Parámetros consulta: {"message":"Inicio de sesión correcto (Administrador)","messageType":"alert-info "}
[2023-04-28T19:50:56.870] [INFO] admin - [Fri Apr 28 2023 19:50:56 GMT+0200 (hora de verano de Europa central)] - Mapping: /admin/logs - Método HTTP: GET -  
                  Parámetros ruta: {} Parámetros consulta: {}
[2023-04-28T19:51:00.873] [INFO] admin - [Fri Apr 28 2023 19:51:00 GMT+0200 (hora de verano de Europa central)] - Mapping: /admin/logs?tipo=LOGOUT - Método HTTP: GET -  
                  Parámetros ruta: {} Parámetros consulta: {"tipo":"LOGOUT"}
[2023-04-28T19:51:57.319] [INFO] users - [Fri Apr 28 2023 19:51:57 GMT+0200 (hora de verano de Europa central)] - Mapping: /users/login - Método HTTP: GET -  
                  Parámetros ruta: {} Parámetros consulta: {}
[2023-04-28T19:51:59.803] [INFO] users - [Fri Apr 28 2023 19:51:59 GMT+0200 (hora de verano de Europa central)] - Mapping: /users/login - Método HTTP: POST -  
                  Parámetros ruta: {} Parámetros consulta: {}
[2023-04-28T19:51:59.822] [INFO] admin - [Fri Apr 28 2023 19:51:59 GMT+0200 (hora de verano de Europa central)] - Mapping: /admin/users?message=Inicio%20de%20sesi%C3%B3n%20correcto%20(Administrador)&messageType=alert-info%20 - Método HTTP: GET -  
                  Parámetros ruta: {} Parámetros consulta: {"message":"Inicio de sesión correcto (Administrador)","messageType":"alert-info "}
[2023-04-28T19:52:04.041] [INFO] admin - [Fri Apr 28 2023 19:52:04 GMT+0200 (hora de verano de Europa central)] - Mapping: /admin/logs - Método HTTP: GET -  
                  Parámetros ruta: {} Parámetros consulta: {}
[2023-04-28T20:01:59.013] [INFO] users - [Fri Apr 28 2023 20:01:59 GMT+0200 (hora de verano de Europa central)] - Mapping: /users/login - Método HTTP: GET -  
                  Parámetros ruta: {} Parámetros consulta: {}
[2023-04-28T20:02:02.155] [INFO] users - [Fri Apr 28 2023 20:02:02 GMT+0200 (hora de verano de Europa central)] - Mapping: /users/login - Método HTTP: POST -  
                  Parámetros ruta: {} Parámetros consulta: {}
[2023-04-28T20:02:02.164] [INFO] admin - [Fri Apr 28 2023 20:02:02 GMT+0200 (hora de verano de Europa central)] - Mapping: /admin/users?message=Inicio%20de%20sesi%C3%B3n%20correcto%20(Administrador)&messageType=alert-info%20 - Método HTTP: GET -  
                  Parámetros ruta: {} Parámetros consulta: {"message":"Inicio de sesión correcto (Administrador)","messageType":"alert-info "}
[2023-04-28T20:02:06.403] [INFO] admin - [Fri Apr 28 2023 20:02:06 GMT+0200 (hora de verano de Europa central)] - Mapping: /admin/logs - Método HTTP: GET -  
                  Parámetros ruta: {} Parámetros consulta: {}
[2023-04-28T20:02:20.918] [INFO] admin - [Fri Apr 28 2023 20:02:20 GMT+0200 (hora de verano de Europa central)] - Mapping: /admin/logs?tipo=LOGOUT - Método HTTP: GET -  
                  Parámetros ruta: {} Parámetros consulta: {"tipo":"LOGOUT"}
[2023-04-28T20:02:44.905] [INFO] admin - [Fri Apr 28 2023 20:02:44 GMT+0200 (hora de verano de Europa central)] - Mapping: /admin/logs?tipo=LOGIN-EX - Método HTTP: GET -  
                  Parámetros ruta: {} Parámetros consulta: {"tipo":"LOGIN-EX"}
[2023-04-28T20:02:49.390] [INFO] admin - [Fri Apr 28 2023 20:02:49 GMT+0200 (hora de verano de Europa central)] - Mapping: /admin/logs?tipo=LOGIN-ERR - Método HTTP: GET -  
                  Parámetros ruta: {} Parámetros consulta: {"tipo":"LOGIN-ERR"}
[2023-04-28T20:02:56.203] [INFO] users - [Fri Apr 28 2023 20:02:56 GMT+0200 (hora de verano de Europa central)] - Mapping: /users/login - Método HTTP: GET -  
                  Parámetros ruta: {} Parámetros consulta: {}
[2023-04-28T20:02:59.404] [INFO] users - [Fri Apr 28 2023 20:02:59 GMT+0200 (hora de verano de Europa central)] - Mapping: /users/login - Método HTTP: POST -  
                  Parámetros ruta: {} Parámetros consulta: {}
[2023-04-28T20:02:59.417] [INFO] users - [Fri Apr 28 2023 20:02:59 GMT+0200 (hora de verano de Europa central)] - Mapping: /users/login?message=Email%20o%20password%20incorrecto&messageType=alert-danger%20 - Método HTTP: GET -  
                  Parámetros ruta: {} Parámetros consulta: {"message":"Email o password incorrecto","messageType":"alert-danger "}
[2023-04-28T20:03:02.667] [INFO] users - [Fri Apr 28 2023 20:03:02 GMT+0200 (hora de verano de Europa central)] - Mapping: /users/login - Método HTTP: POST -  
                  Parámetros ruta: {} Parámetros consulta: {}
[2023-04-28T20:03:02.675] [INFO] admin - [Fri Apr 28 2023 20:03:02 GMT+0200 (hora de verano de Europa central)] - Mapping: /admin/users?message=Inicio%20de%20sesi%C3%B3n%20correcto%20(Administrador)&messageType=alert-info%20 - Método HTTP: GET -  
                  Parámetros ruta: {} Parámetros consulta: {"message":"Inicio de sesión correcto (Administrador)","messageType":"alert-info "}
[2023-04-28T20:03:06.774] [INFO] admin - [Fri Apr 28 2023 20:03:06 GMT+0200 (hora de verano de Europa central)] - Mapping: /admin/logs - Método HTTP: GET -  
                  Parámetros ruta: {} Parámetros consulta: {}
[2023-04-28T20:03:11.691] [INFO] admin - [Fri Apr 28 2023 20:03:11 GMT+0200 (hora de verano de Europa central)] - Mapping: /admin/logs?tipo=LOGIN-ERR - Método HTTP: GET -  
                  Parámetros ruta: {} Parámetros consulta: {"tipo":"LOGIN-ERR"}
[2023-04-28T20:03:21.113] [INFO] admin - [Fri Apr 28 2023 20:03:21 GMT+0200 (hora de verano de Europa central)] - Mapping: /admin/logs?tipo=PET - Método HTTP: GET -  
                  Parámetros ruta: {} Parámetros consulta: {"tipo":"PET"}
[2023-04-28T20:04:18.434] [INFO] admin - [Fri Apr 28 2023 20:04:18 GMT+0200 (hora de verano de Europa central)] - Mapping: /admin/logs?tipo=ALTA - Método HTTP: GET -  
                  Parámetros ruta: {} Parámetros consulta: {"tipo":"ALTA"}
[2023-04-28T20:04:22.265] [INFO] admin - [Fri Apr 28 2023 20:04:22 GMT+0200 (hora de verano de Europa central)] - Mapping: /admin/logs?tipo=LOGOUT - Método HTTP: GET -  
                  Parámetros ruta: {} Parámetros consulta: {"tipo":"LOGOUT"}
[2023-04-28T20:04:25.346] [INFO] admin - [Fri Apr 28 2023 20:04:25 GMT+0200 (hora de verano de Europa central)] - Mapping: /admin/logs?tipo=LOGIN-EX - Método HTTP: GET -  
                  Parámetros ruta: {} Parámetros consulta: {"tipo":"LOGIN-EX"}
[2023-04-28T20:04:29.374] [INFO] admin - [Fri Apr 28 2023 20:04:29 GMT+0200 (hora de verano de Europa central)] - Mapping: /admin/logs?tipo= - Método HTTP: GET -  
                  Parámetros ruta: {} Parámetros consulta: {"tipo":""}
[2023-04-28T20:20:05.760] [INFO] users - [Fri Apr 28 2023 20:20:05 GMT+0200 (hora de verano de Europa central)] - Mapping: /users/login - Método HTTP: GET -  
                  Parámetros ruta: {} Parámetros consulta: {}
[2023-04-28T20:20:09.579] [INFO] users - [Fri Apr 28 2023 20:20:09 GMT+0200 (hora de verano de Europa central)] - Mapping: /users/login - Método HTTP: POST -  
                  Parámetros ruta: {} Parámetros consulta: {}
[2023-04-28T20:20:09.590] [INFO] admin - [Fri Apr 28 2023 20:20:09 GMT+0200 (hora de verano de Europa central)] - Mapping: /admin/users?message=Inicio%20de%20sesi%C3%B3n%20correcto%20(Administrador)&messageType=alert-info%20 - Método HTTP: GET -  
                  Parámetros ruta: {} Parámetros consulta: {"message":"Inicio de sesión correcto (Administrador)","messageType":"alert-info "}
[2023-04-28T20:20:17.093] [INFO] admin - [Fri Apr 28 2023 20:20:17 GMT+0200 (hora de verano de Europa central)] - Mapping: /admin/logs - Método HTTP: GET -  
                  Parámetros ruta: {} Parámetros consulta: {}
[2023-04-28T20:20:41.172] [INFO] admin - [Fri Apr 28 2023 20:20:41 GMT+0200 (hora de verano de Europa central)] - Mapping: /admin/logs/ - Método HTTP: GET -  
                  Parámetros ruta: {} Parámetros consulta: {}
[2023-04-28T20:22:25.362] [INFO] users - [Fri Apr 28 2023 20:22:25 GMT+0200 (hora de verano de Europa central)] - Mapping: /users/login - Método HTTP: GET -  
                  Parámetros ruta: {} Parámetros consulta: {}
[2023-04-28T20:22:28.306] [INFO] users - [Fri Apr 28 2023 20:22:28 GMT+0200 (hora de verano de Europa central)] - Mapping: /users/login - Método HTTP: POST -  
                  Parámetros ruta: {} Parámetros consulta: {}
[2023-04-28T20:22:28.315] [INFO] admin - [Fri Apr 28 2023 20:22:28 GMT+0200 (hora de verano de Europa central)] - Mapping: /admin/users?message=Inicio%20de%20sesi%C3%B3n%20correcto%20(Administrador)&messageType=alert-info%20 - Método HTTP: GET -  
                  Parámetros ruta: {} Parámetros consulta: {"message":"Inicio de sesión correcto (Administrador)","messageType":"alert-info "}
[2023-04-28T20:22:33.437] [INFO] admin - [Fri Apr 28 2023 20:22:33 GMT+0200 (hora de verano de Europa central)] - Mapping: /admin/logs - Método HTTP: GET -  
                  Parámetros ruta: {} Parámetros consulta: {}
[2023-04-28T20:22:36.092] [INFO] admin - [Fri Apr 28 2023 20:22:36 GMT+0200 (hora de verano de Europa central)] - Mapping: /admin/logs/delete - Método HTTP: POST -  
                  Parámetros ruta: {} Parámetros consulta: {}
[2023-04-28T20:22:36.127] [INFO] admin - [Fri Apr 28 2023 20:22:36 GMT+0200 (hora de verano de Europa central)] - Mapping: /admin/logs?message=Se%20han%20borrado%20correctamente%20los%20logs&messageType=alert-info - Método HTTP: GET -  
                  Parámetros ruta: {} Parámetros consulta: {"message":"Se han borrado correctamente los logs","messageType":"alert-info"}
[2023-04-28T20:22:55.205] [INFO] admin - [Fri Apr 28 2023 20:22:55 GMT+0200 (hora de verano de Europa central)] - Mapping: /admin/logs/delete - Método HTTP: POST -  
                  Parámetros ruta: {} Parámetros consulta: {}
[2023-04-28T20:22:55.234] [INFO] admin - [Fri Apr 28 2023 20:22:55 GMT+0200 (hora de verano de Europa central)] - Mapping: /admin/logs?message=Se%20han%20borrado%20correctamente%20los%20logs&messageType=alert-info - Método HTTP: GET -  
                  Parámetros ruta: {} Parámetros consulta: {"message":"Se han borrado correctamente los logs","messageType":"alert-info"}
[2023-04-28T20:26:13.400] [INFO] users - [Fri Apr 28 2023 20:26:13 GMT+0200 (hora de verano de Europa central)] - Mapping: /myWallapop - Método HTTP: GET -  
                  Parámetros ruta: {} Parámetros consulta: {}
[2023-04-28T20:26:32.056] [INFO] users - [Fri Apr 28 2023 20:26:32 GMT+0200 (hora de verano de Europa central)] - Mapping: /users/login - Método HTTP: GET -  
                  Parámetros ruta: {} Parámetros consulta: {}
[2023-04-28T20:26:37.117] [INFO] users - [Fri Apr 28 2023 20:26:37 GMT+0200 (hora de verano de Europa central)] - Mapping: /users/login - Método HTTP: POST -  
                  Parámetros ruta: {} Parámetros consulta: {}
[2023-04-28T20:26:37.128] [INFO] admin - [Fri Apr 28 2023 20:26:37 GMT+0200 (hora de verano de Europa central)] - Mapping: /admin/users?message=Inicio%20de%20sesi%C3%B3n%20correcto%20(Administrador)&messageType=alert-info%20 - Método HTTP: GET -  
                  Parámetros ruta: {} Parámetros consulta: {"message":"Inicio de sesión correcto (Administrador)","messageType":"alert-info "}
[2023-04-28T20:26:44.027] [INFO] admin - [Fri Apr 28 2023 20:26:44 GMT+0200 (hora de verano de Europa central)] - Mapping: /admin/logs - Método HTTP: GET -  
                  Parámetros ruta: {} Parámetros consulta: {}
[2023-04-28T20:26:51.173] [INFO] admin - [Fri Apr 28 2023 20:26:51 GMT+0200 (hora de verano de Europa central)] - Mapping: /admin/logs/delete - Método HTTP: POST -  
                  Parámetros ruta: {} Parámetros consulta: {}
[2023-04-28T20:26:51.198] [INFO] admin - [Fri Apr 28 2023 20:26:51 GMT+0200 (hora de verano de Europa central)] - Mapping: /admin/logs?message=Se%20han%20borrado%20correctamente%20los%20logs&messageType=alert-info - Método HTTP: GET -  
                  Parámetros ruta: {} Parámetros consulta: {"message":"Se han borrado correctamente los logs","messageType":"alert-info"}
[2023-04-28T20:28:18.574] [INFO] users - [Fri Apr 28 2023 20:28:18 GMT+0200 (hora de verano de Europa central)] - Mapping: /users/login - Método HTTP: GET -  
                  Parámetros ruta: {} Parámetros consulta: {}
[2023-04-28T20:28:21.662] [INFO] users - [Fri Apr 28 2023 20:28:21 GMT+0200 (hora de verano de Europa central)] - Mapping: /users/login - Método HTTP: POST -  
                  Parámetros ruta: {} Parámetros consulta: {}
[2023-04-28T20:28:21.674] [INFO] admin - [Fri Apr 28 2023 20:28:21 GMT+0200 (hora de verano de Europa central)] - Mapping: /admin/users?message=Inicio%20de%20sesi%C3%B3n%20correcto%20(Administrador)&messageType=alert-info%20 - Método HTTP: GET -  
                  Parámetros ruta: {} Parámetros consulta: {"message":"Inicio de sesión correcto (Administrador)","messageType":"alert-info "}
[2023-04-28T20:28:23.247] [INFO] admin - [Fri Apr 28 2023 20:28:23 GMT+0200 (hora de verano de Europa central)] - Mapping: /admin/logs - Método HTTP: GET -  
                  Parámetros ruta: {} Parámetros consulta: {}
[2023-04-28T20:30:08.161] [INFO] users - [Fri Apr 28 2023 20:30:08 GMT+0200 (hora de verano de Europa central)] - Mapping: /users/login - Método HTTP: GET -  
                  Parámetros ruta: {} Parámetros consulta: {}
[2023-04-28T20:30:10.924] [INFO] users - [Fri Apr 28 2023 20:30:10 GMT+0200 (hora de verano de Europa central)] - Mapping: /users/login - Método HTTP: POST -  
                  Parámetros ruta: {} Parámetros consulta: {}
[2023-04-28T20:30:10.933] [INFO] admin - [Fri Apr 28 2023 20:30:10 GMT+0200 (hora de verano de Europa central)] - Mapping: /admin/users?message=Inicio%20de%20sesi%C3%B3n%20correcto%20(Administrador)&messageType=alert-info%20 - Método HTTP: GET -  
                  Parámetros ruta: {} Parámetros consulta: {"message":"Inicio de sesión correcto (Administrador)","messageType":"alert-info "}
[2023-04-28T20:30:13.569] [INFO] admin - [Fri Apr 28 2023 20:30:13 GMT+0200 (hora de verano de Europa central)] - Mapping: /admin/logs - Método HTTP: GET -  
                  Parámetros ruta: {} Parámetros consulta: {}
[2023-04-28T20:30:24.742] [INFO] admin - [Fri Apr 28 2023 20:30:24 GMT+0200 (hora de verano de Europa central)] - Mapping: /admin/logs/delete - Método HTTP: POST -  
                  Parámetros ruta: {} Parámetros consulta: {}
[2023-04-28T20:30:24.767] [INFO] admin - [Fri Apr 28 2023 20:30:24 GMT+0200 (hora de verano de Europa central)] - Mapping: /admin/logs?message=Se%20han%20borrado%20correctamente%20los%20logs&messageType=alert-info - Método HTTP: GET -  
                  Parámetros ruta: {} Parámetros consulta: {"message":"Se han borrado correctamente los logs","messageType":"alert-info"}
[2023-04-28T20:40:57.549] [INFO] users - [Fri Apr 28 2023 20:40:57 GMT+0200 (hora de verano de Europa central)] - Mapping: /users/logout - Método HTTP: GET -  
                  Parámetros ruta: {} Parámetros consulta: {}
[2023-04-28T20:40:57.582] [INFO] users - [Fri Apr 28 2023 20:40:57 GMT+0200 (hora de verano de Europa central)] - Mapping: /users/login - Método HTTP: GET -  
                  Parámetros ruta: {} Parámetros consulta: {}
[2023-04-28T20:41:02.582] [INFO] users - [Fri Apr 28 2023 20:41:02 GMT+0200 (hora de verano de Europa central)] - Mapping: /users/login - Método HTTP: POST -  
                  Parámetros ruta: {} Parámetros consulta: {}
[2023-04-28T20:41:02.594] [INFO] users - [Fri Apr 28 2023 20:41:02 GMT+0200 (hora de verano de Europa central)] - Mapping: /user/offers?message=Inicio%20de%20sesi%C3%B3n%20correcto&messageType=alert-info%20 - Método HTTP: GET -  
                  Parámetros ruta: {} Parámetros consulta: {"message":"Inicio de sesión correcto","messageType":"alert-info "}
[2023-04-28T20:41:08.977] [INFO] users - [Fri Apr 28 2023 20:41:08 GMT+0200 (hora de verano de Europa central)] - Mapping: /user/offers - Método HTTP: GET -  
                  Parámetros ruta: {} Parámetros consulta: {}
[2023-04-28T20:42:41.550] [INFO] users - [Fri Apr 28 2023 20:42:41 GMT+0200 (hora de verano de Europa central)] - Mapping: /users/login - Método HTTP: GET -  
                  Parámetros ruta: {} Parámetros consulta: {}
[2023-04-28T20:42:44.697] [INFO] users - [Fri Apr 28 2023 20:42:44 GMT+0200 (hora de verano de Europa central)] - Mapping: /users/login - Método HTTP: POST -  
                  Parámetros ruta: {} Parámetros consulta: {}
[2023-04-28T20:42:44.707] [INFO] users - [Fri Apr 28 2023 20:42:44 GMT+0200 (hora de verano de Europa central)] - Mapping: /user/offers?message=Inicio%20de%20sesi%C3%B3n%20correcto&messageType=alert-info%20 - Método HTTP: GET -  
                  Parámetros ruta: {} Parámetros consulta: {"message":"Inicio de sesión correcto","messageType":"alert-info "}
[2023-04-28T20:42:50.266] [INFO] users - [Fri Apr 28 2023 20:42:50 GMT+0200 (hora de verano de Europa central)] - Mapping: /user/offers?message=Acci%C3%B3n%20prohibida%20para%20el%20usuario&messageType=alert-info - Método HTTP: GET -  
                  Parámetros ruta: {} Parámetros consulta: {"message":"Acción prohibida para el usuario","messageType":"alert-info"}
[2023-04-28T20:43:06.461] [INFO] users - [Fri Apr 28 2023 20:43:06 GMT+0200 (hora de verano de Europa central)] - Mapping: /users/logout - Método HTTP: GET -  
                  Parámetros ruta: {} Parámetros consulta: {}
[2023-04-28T20:43:06.478] [INFO] users - [Fri Apr 28 2023 20:43:06 GMT+0200 (hora de verano de Europa central)] - Mapping: /users/login?message=El%20usuario%20se%20ha%20desconectado%20correctamente&messageType=alert-info%20 - Método HTTP: GET -  
                  Parámetros ruta: {} Parámetros consulta: {"message":"El usuario se ha desconectado correctamente","messageType":"alert-info "}
[2023-04-28T20:43:09.767] [INFO] users - [Fri Apr 28 2023 20:43:09 GMT+0200 (hora de verano de Europa central)] - Mapping: /users/login - Método HTTP: POST -  
                  Parámetros ruta: {} Parámetros consulta: {}
[2023-04-28T20:43:09.777] [INFO] admin - [Fri Apr 28 2023 20:43:09 GMT+0200 (hora de verano de Europa central)] - Mapping: /admin/users?message=Inicio%20de%20sesi%C3%B3n%20correcto%20(Administrador)&messageType=alert-info%20 - Método HTTP: GET -  
                  Parámetros ruta: {} Parámetros consulta: {"message":"Inicio de sesión correcto (Administrador)","messageType":"alert-info "}
[2023-04-28T20:43:18.346] [INFO] admin - [Fri Apr 28 2023 20:43:18 GMT+0200 (hora de verano de Europa central)] - Mapping: /admin/logs - Método HTTP: GET -  
                  Parámetros ruta: {} Parámetros consulta: {}
[2023-04-28T20:43:21.647] [INFO] admin - [Fri Apr 28 2023 20:43:21 GMT+0200 (hora de verano de Europa central)] - Mapping: /admin/logs/delete - Método HTTP: POST -  
                  Parámetros ruta: {} Parámetros consulta: {}
[2023-04-28T20:43:21.669] [INFO] admin - [Fri Apr 28 2023 20:43:21 GMT+0200 (hora de verano de Europa central)] - Mapping: /admin/logs?message=Se%20han%20borrado%20correctamente%20los%20logs&messageType=alert-info - Método HTTP: GET -  
                  Parámetros ruta: {} Parámetros consulta: {"message":"Se han borrado correctamente los logs","messageType":"alert-info"}
[2023-04-28T20:44:34.891] [INFO] users - [Fri Apr 28 2023 20:44:34 GMT+0200 (hora de verano de Europa central)] - Mapping: /users/login - Método HTTP: GET -  
                  Parámetros ruta: {} Parámetros consulta: {}
[2023-04-28T20:44:37.598] [INFO] users - [Fri Apr 28 2023 20:44:37 GMT+0200 (hora de verano de Europa central)] - Mapping: /users/login - Método HTTP: POST -  
                  Parámetros ruta: {} Parámetros consulta: {}
[2023-04-28T20:44:37.608] [INFO] admin - [Fri Apr 28 2023 20:44:37 GMT+0200 (hora de verano de Europa central)] - Mapping: /admin/users?message=Inicio%20de%20sesi%C3%B3n%20correcto%20(Administrador)&messageType=alert-info%20 - Método HTTP: GET -  
                  Parámetros ruta: {} Parámetros consulta: {"message":"Inicio de sesión correcto (Administrador)","messageType":"alert-info "}
[2023-04-28T20:44:39.110] [INFO] admin - [Fri Apr 28 2023 20:44:39 GMT+0200 (hora de verano de Europa central)] - Mapping: /admin/logs - Método HTTP: GET -  
                  Parámetros ruta: {} Parámetros consulta: {}
[2023-04-28T20:44:43.588] [INFO] admin - [Fri Apr 28 2023 20:44:43 GMT+0200 (hora de verano de Europa central)] - Mapping: /admin/logs?tipo=LOGIN-ERR - Método HTTP: GET -  
                  Parámetros ruta: {} Parámetros consulta: {"tipo":"LOGIN-ERR"}
[2023-04-28T20:44:46.671] [INFO] admin - [Fri Apr 28 2023 20:44:46 GMT+0200 (hora de verano de Europa central)] - Mapping: /admin/logs?tipo=LOGOUT - Método HTTP: GET -  
                  Parámetros ruta: {} Parámetros consulta: {"tipo":"LOGOUT"}
[2023-04-28T20:44:49.745] [INFO] admin - [Fri Apr 28 2023 20:44:49 GMT+0200 (hora de verano de Europa central)] - Mapping: /admin/logs?tipo=LOGIN-EX - Método HTTP: GET -  
                  Parámetros ruta: {} Parámetros consulta: {"tipo":"LOGIN-EX"}
[2023-04-28T20:44:58.413] [INFO] users - [Fri Apr 28 2023 20:44:58 GMT+0200 (hora de verano de Europa central)] - Mapping: /users/logout - Método HTTP: GET -  
                  Parámetros ruta: {} Parámetros consulta: {}
[2023-04-28T20:44:58.429] [INFO] users - [Fri Apr 28 2023 20:44:58 GMT+0200 (hora de verano de Europa central)] - Mapping: /users/login?message=El%20usuario%20se%20ha%20desconectado%20correctamente&messageType=alert-info%20 - Método HTTP: GET -  
                  Parámetros ruta: {} Parámetros consulta: {"message":"El usuario se ha desconectado correctamente","messageType":"alert-info "}
[2023-04-28T20:45:00.542] [INFO] users - [Fri Apr 28 2023 20:45:00 GMT+0200 (hora de verano de Europa central)] - Mapping: /users/login - Método HTTP: POST -  
                  Parámetros ruta: {} Parámetros consulta: {}
[2023-04-28T20:45:00.552] [INFO] admin - [Fri Apr 28 2023 20:45:00 GMT+0200 (hora de verano de Europa central)] - Mapping: /admin/users?message=Inicio%20de%20sesi%C3%B3n%20correcto%20(Administrador)&messageType=alert-info%20 - Método HTTP: GET -  
                  Parámetros ruta: {} Parámetros consulta: {"message":"Inicio de sesión correcto (Administrador)","messageType":"alert-info "}
[2023-04-28T20:45:02.236] [INFO] admin - [Fri Apr 28 2023 20:45:02 GMT+0200 (hora de verano de Europa central)] - Mapping: /admin/logs - Método HTTP: GET -  
                  Parámetros ruta: {} Parámetros consulta: {}
